<?xml version="1.0" encoding="UTF-8"?>
<!-- Generated by org.testng.reporters.JUnitXMLReporter -->
<testsuite ignored="5" hostname="TYP0422131" failures="0" tests="1" name="Test" time="0.145" errors="0" timestamp="2022-08-12T11:09:55 IST">
  <testcase classname="com.Ty.TestNG.ParentClassTest" name="testTwo" time="0.074"/>
  <testcase classname="com.Ty.TestNG.DependsOnMethods" name="send" time="0.0">
    <ignored/>
  </testcase> <!-- send -->
  <testcase classname="com.Ty.TestNG.DependsOnMethods" name="create" time="0.0">
    <ignored/>
  </testcase> <!-- create -->
  <testcase classname="com.Ty.TestNG.ParentClassTest" name="testOne" time="0.0">
    <ignored/>
  </testcase> <!-- testOne -->
  <testcase classname="com.Ty.TestNG.DependsOnMethods" name="modify" time="0.0">
    <ignored/>
  </testcase> <!-- modify -->
  <testcase classname="com.Ty.TestNG.DependsOnMethods" name="delete" time="0.0">
    <ignored/>
  </testcase> <!-- delete -->
</testsuite> <!-- Test -->
