<?xml version="1.0" encoding="UTF-8"?>
<testng-results ignored="0" total="1" passed="1" failed="0" skipped="0">
  <reporter-output>
    <line>
      <![CDATA[80]]>
    </line>
    <line>
      <![CDATA[j value is 80]]>
    </line>
  </reporter-output>
  <suite started-at="2022-08-22T17:25:40 IST" name="Default suite" finished-at="2022-08-22T17:25:50 IST" duration-ms="10244">
    <groups>
    </groups>
    <test started-at="2022-08-22T17:25:40 IST" name="Default test" finished-at="2022-08-22T17:25:50 IST" duration-ms="10244">
      <class name="com.Ty.IPLRanking.FetchRanking">
        <test-method signature="fetchRanking()[pri:0, instance:com.Ty.IPLRanking.FetchRanking@7749bf93]" started-at="2022-08-22T17:25:40 IST" name="fetchRanking" finished-at="2022-08-22T17:25:50 IST" duration-ms="9989" status="PASS">
          <reporter-output>
            <line>
              <![CDATA[80]]>
            </line>
            <line>
              <![CDATA[j value is 80]]>
            </line>
          </reporter-output>
        </test-method> <!-- fetchRanking -->
      </class> <!-- com.Ty.IPLRanking.FetchRanking -->
    </test> <!-- Default test -->
  </suite> <!-- Default suite -->
</testng-results>
